  XMLFix.cpp
c:\users\39078\documents\gitrepos\fpsgame\fpsgame\xmlfix.cpp(190): fatal error C1010: 在查找预编译头时遇到意外的文件结尾。是否忘记了向源中添加“#include "stdafx.h"”?
  StdSkeletons.cpp
c:\users\39078\documents\gitrepos\fpsgame\fpsgame\stdskeletons.cpp(211): fatal error C1010: 在查找预编译头时遇到意外的文件结尾。是否忘记了向源中添加“#include "stdafx.h"”?
  PSAConvert.cpp
c:\users\39078\documents\gitrepos\fpsgame\fpsgame\psaconvert.cpp(324): fatal error C1010: 在查找预编译头时遇到意外的文件结尾。是否忘记了向源中添加“#include "stdafx.h"”?
  precompiled.cpp
c:\users\39078\documents\gitrepos\fpsgame\fpsgame\precompiled.cpp(19): fatal error C1010: 在查找预编译头时遇到意外的文件结尾。是否忘记了向源中添加“#include "stdafx.h"”?
  PMDConvert.cpp
c:\users\39078\documents\gitrepos\fpsgame\fpsgame\pmdconvert.cpp(722): fatal error C1010: 在查找预编译头时遇到意外的文件结尾。是否忘记了向源中添加“#include "stdafx.h"”?
  Math.cpp
c:\users\39078\documents\gitrepos\fpsgame\fpsgame\math.cpp(89): fatal error C1010: 在查找预编译头时遇到意外的文件结尾。是否忘记了向源中添加“#include "stdafx.h"”?
  JSInterface_GameView.cpp
c:\users\39078\documents\gitrepos\fpsgame\fpsgame\jsinterface_gameview.cpp(71): fatal error C1010: 在查找预编译头时遇到意外的文件结尾。是否忘记了向源中添加“#include "stdafx.h"”?
  GeomReindex.cpp
c:\users\39078\documents\gitrepos\fpsgame\fpsgame\geomreindex.cpp(272): fatal error C1010: 在查找预编译头时遇到意外的文件结尾。是否忘记了向源中添加“#include "stdafx.h"”?
  fpsgame.cpp
c:\users\39078\documents\gitrepos\fpsgame\fpsgame\fpsgame.cpp(1): fatal error C1083: 无法打开预编译头文件: “x64\Debug\fpsgame.pch”: No such file or directory
  Dll.cpp
c:\users\39078\documents\gitrepos\fpsgame\fpsgame\dll.cpp(171): fatal error C1010: 在查找预编译头时遇到意外的文件结尾。是否忘记了向源中添加“#include "stdafx.h"”?
  Decompose.cpp
c:\users\39078\documents\gitrepos\fpsgame\fpsgame\decompose.cpp(525): fatal error C1010: 在查找预编译头时遇到意外的文件结尾。是否忘记了向源中添加“#include "stdafx.h"”?
  CommonConvert.cpp
c:\users\39078\documents\gitrepos\fpsgame\fpsgame\commonconvert.cpp(439): fatal error C1010: 在查找预编译头时遇到意外的文件结尾。是否忘记了向源中添加“#include "stdafx.h"”?
  Camera.cpp
c:\users\39078\documents\gitrepos\fpsgame\fpsgame\camera.cpp(439): fatal error C1010: 在查找预编译头时遇到意外的文件结尾。是否忘记了向源中添加“#include "stdafx.h"”?
  正在生成代码...
